<?xml version="1.0" encoding="UTF-8"?>
<!-- Generated by org.testng.reporters.JUnitReportReporter -->
<testsuite hostname="RahulMandal" failures="0" tests="2" name="frontEndTesting.DepositFundTest" time="2.990" errors="0" timestamp="2023-08-14T17:56:38 IST" skipped="0">
  <testcase classname="frontEndTesting.DepositFundTest" name="depositFundInSavingAccount" time="1.406"/>
  <system-out/>
  <testcase classname="frontEndTesting.DepositFundTest" name="depositFundInPrimaryAccount" time="1.584"/>
  <system-out/>
</testsuite> <!-- frontEndTesting.DepositFundTest -->
