<?xml version="1.0" encoding="UTF-8"?>
<!-- Generated by org.testng.reporters.JUnitReportReporter -->
<testsuite hostname="RahulMandal" failures="0" tests="1" name="frontEndTesting.LoginTest" time="1.349" errors="0" timestamp="2023-08-14T17:56:38 IST" skipped="0">
  <testcase classname="frontEndTesting.LoginTest" name="loginUser" time="1.349"/>
  <system-out/>
</testsuite> <!-- frontEndTesting.LoginTest -->
