<?xml version="1.0" encoding="UTF-8"?>
<!-- Generated by org.testng.reporters.JUnitReportReporter -->
<testsuite hostname="RahulMandal" failures="0" tests="3" name="frontEndTesting.TransferFundTest" time="8.662" errors="0" timestamp="2023-08-14T17:56:38 IST" skipped="0">
  <testcase classname="frontEndTesting.TransferFundTest" name="transferFund" time="3.293"/>
  <system-out/>
  <testcase classname="frontEndTesting.TransferFundTest" name="transferFundGreaterThanBalance" time="2.686"/>
  <system-out/>
  <testcase classname="frontEndTesting.TransferFundTest" name="transferFundWithIncorrectAccountNumber" time="2.683"/>
  <system-out/>
</testsuite> <!-- frontEndTesting.TransferFundTest -->
