<?xml version="1.0" encoding="UTF-8"?>
<!-- Generated by org.testng.reporters.JUnitReportReporter -->
<testsuite hostname="RahulMandal" failures="0" tests="1" name="frontEndTesting.ViewSecondaryAccountTest" time="0.459" errors="0" timestamp="2023-08-14T17:56:38 IST" skipped="0">
  <testcase classname="frontEndTesting.ViewSecondaryAccountTest" name="requestChequeBook" time="0.459"/>
  <system-out/>
</testsuite> <!-- frontEndTesting.ViewSecondaryAccountTest -->
